============================================================
Start: 05_ReVIN_RFA_only_weather_96_192
Work dir: /hy-tmp/PCDformer_ablation_02_ReVIN_RFA_only_code
Log file: /hy-tmp/run_logs_ablation_30/ReVIN_RFA_only/05_ReVIN_RFA_only_weather_96_192.log
Time: 2026-06-05 04:32:29
============================================================
python -u run.py --is_training 1 --root_path /hy-tmp/PCDformer创新4/dataset/weather/ --data_path weather.csv --model_id ReVIN_RFA_only_weather_96_192 --model PCDformer --data custom --features M --seq_len 96 --label_len 0 --pred_len 192 --e_layers 2 --d_layers 1 --enc_in 21 --dec_in 21 --c_out 21 --d_model 256 --d_ff 1024 --n_heads 8 --moving_avg 25 --top_k 1 --use_revin 1 --use_residual_adapter 1 --adapter_gate_init -4.0 --dropout 0.05 --batch_size 32 --learning_rate 0.00005 --train_epochs 10 --patience 3 --des ReVIN_RFA_only --itr 1 --num_workers 0
============================================================
Args in experiment:
Namespace(is_training=1, model_id='ReVIN_RFA_only_weather_96_192', model='PCDformer', data='custom', root_path='/hy-tmp/PCDformer创新4/dataset/weather/', data_path='weather.csv', features='M', target='OT', freq='h', checkpoints='./checkpoints/', seq_len=96, label_len=0, pred_len=192, bucket_size=4, n_hashes=4, enc_in=21, dec_in=21, c_out=21, d_model=256, n_heads=8, e_layers=2, d_layers=1, d_ff=1024, moving_avg=25, factor=1, top_k=1, use_revin=1, revin_eps=1e-05, use_residual_adapter=1, adapter_gate_init=-4.0, distil=True, dropout=0.05, embed='timeF', activation='gelu', output_attention=False, do_predict=False, num_workers=0, itr=1, train_epochs=10, batch_size=32, patience=3, learning_rate=5e-05, des='ReVIN_RFA_only', loss='mse', lradj='type1', use_amp=False, use_gpu=True, gpu=0, use_multi_gpu=False, devices='0,1,2,3')
Use GPU: cuda:0
>>>>>>>start training : ReVIN_RFA_only_weather_96_192_PCDformer_custom_ftM_sl96_ll0_pl192_dm256_nh8_el2_dl1_df1024_fc1_rv1_ra1_ebtimeF_dtTrue_ReVIN_RFA_only_0>>>>>>>>>>>>>>>>>>>>>>>>>>
train 36600
val 5079
test 10348
	iters: 100, epoch: 1 | loss: 0.5340125
	speed: 0.0557s/iter; left time: 631.6824s
	iters: 200, epoch: 1 | loss: 0.5171167
	speed: 0.0513s/iter; left time: 575.5969s
	iters: 300, epoch: 1 | loss: 1.0619137
	speed: 0.0509s/iter; left time: 567.0603s
	iters: 400, epoch: 1 | loss: 0.5528936
	speed: 0.0520s/iter; left time: 574.1591s
	iters: 500, epoch: 1 | loss: 0.3589261
	speed: 0.0516s/iter; left time: 563.7637s
	iters: 600, epoch: 1 | loss: 0.3980159
	speed: 0.0490s/iter; left time: 530.5191s
	iters: 700, epoch: 1 | loss: 0.3950015
	speed: 0.0489s/iter; left time: 524.5620s
	iters: 800, epoch: 1 | loss: 0.4865261
	speed: 0.0487s/iter; left time: 518.1739s
	iters: 900, epoch: 1 | loss: 0.4561163
	speed: 0.0495s/iter; left time: 521.2836s
	iters: 1000, epoch: 1 | loss: 0.4384714
	speed: 0.0470s/iter; left time: 490.6171s
	iters: 1100, epoch: 1 | loss: 0.5239186
	speed: 0.0450s/iter; left time: 464.4470s
Epoch: 1 cost time: 56.38178086280823
Epoch: 1, Steps: 1143 | Train Loss: 0.5761514 Vali Loss: 0.5209114 Test Loss: 0.2366863
Validation loss decreased (inf --> 0.520911).  Saving model ...
Updating learning rate to 5e-05
	iters: 100, epoch: 2 | loss: 0.5591210
	speed: 0.1596s/iter; left time: 1625.5496s
	iters: 200, epoch: 2 | loss: 0.3958663
	speed: 0.0544s/iter; left time: 548.4025s
	iters: 300, epoch: 2 | loss: 0.5539177
	speed: 0.0517s/iter; left time: 516.0077s
	iters: 400, epoch: 2 | loss: 0.4207007
	speed: 0.0506s/iter; left time: 500.8242s
	iters: 500, epoch: 2 | loss: 0.5346900
	speed: 0.0520s/iter; left time: 508.9616s
	iters: 600, epoch: 2 | loss: 0.5692009
	speed: 0.0522s/iter; left time: 505.4329s
	iters: 700, epoch: 2 | loss: 0.4425396
	speed: 0.0522s/iter; left time: 500.0198s
	iters: 800, epoch: 2 | loss: 0.3606013
	speed: 0.0522s/iter; left time: 495.2360s
	iters: 900, epoch: 2 | loss: 1.0312281
	speed: 0.0519s/iter; left time: 487.5689s
	iters: 1000, epoch: 2 | loss: 0.4433945
	speed: 0.0527s/iter; left time: 489.8723s
	iters: 1100, epoch: 2 | loss: 0.5399500
	speed: 0.0531s/iter; left time: 487.7398s
Epoch: 2 cost time: 59.60974860191345
Epoch: 2, Steps: 1143 | Train Loss: 0.5342849 Vali Loss: 0.5042889 Test Loss: 0.2312784
Validation loss decreased (0.520911 --> 0.504289).  Saving model ...
Updating learning rate to 2.5e-05
	iters: 100, epoch: 3 | loss: 0.4157760
	speed: 0.1583s/iter; left time: 1431.6746s
	iters: 200, epoch: 3 | loss: 0.3280550
	speed: 0.0524s/iter; left time: 468.8141s
	iters: 300, epoch: 3 | loss: 0.3630438
	speed: 0.0528s/iter; left time: 466.8970s
	iters: 400, epoch: 3 | loss: 0.4902104
	speed: 0.0529s/iter; left time: 462.6265s
	iters: 500, epoch: 3 | loss: 0.4908938
	speed: 0.0528s/iter; left time: 456.3803s
	iters: 600, epoch: 3 | loss: 0.9402252
	speed: 0.0482s/iter; left time: 412.1183s
	iters: 700, epoch: 3 | loss: 0.5234751
	speed: 0.0473s/iter; left time: 399.6696s
	iters: 800, epoch: 3 | loss: 0.3882222
	speed: 0.0491s/iter; left time: 410.0034s
	iters: 900, epoch: 3 | loss: 0.9596056
	speed: 0.0491s/iter; left time: 404.9305s
	iters: 1000, epoch: 3 | loss: 0.4813389
	speed: 0.0497s/iter; left time: 404.7478s
	iters: 1100, epoch: 3 | loss: 0.5401484
	speed: 0.0495s/iter; left time: 398.3558s
Epoch: 3 cost time: 57.54799795150757
Epoch: 3, Steps: 1143 | Train Loss: 0.5200363 Vali Loss: 0.4986634 Test Loss: 0.2279899
Validation loss decreased (0.504289 --> 0.498663).  Saving model ...
Updating learning rate to 1.25e-05
	iters: 100, epoch: 4 | loss: 0.4285027
	speed: 0.1589s/iter; left time: 1255.8460s
	iters: 200, epoch: 4 | loss: 0.4121442
	speed: 0.0487s/iter; left time: 379.6710s
	iters: 300, epoch: 4 | loss: 0.4699275
	speed: 0.0480s/iter; left time: 369.7191s
	iters: 400, epoch: 4 | loss: 0.4419343
	speed: 0.0490s/iter; left time: 372.3601s
	iters: 500, epoch: 4 | loss: 0.6795070
	speed: 0.0490s/iter; left time: 367.2239s
	iters: 600, epoch: 4 | loss: 0.3630616
	speed: 0.0490s/iter; left time: 362.3722s
	iters: 700, epoch: 4 | loss: 0.4996868
	speed: 0.0488s/iter; left time: 356.2537s
	iters: 800, epoch: 4 | loss: 0.5010030
	speed: 0.0490s/iter; left time: 353.0288s
	iters: 900, epoch: 4 | loss: 0.3744892
	speed: 0.0499s/iter; left time: 354.7262s
	iters: 1000, epoch: 4 | loss: 0.4458364
	speed: 0.0502s/iter; left time: 351.3036s
	iters: 1100, epoch: 4 | loss: 0.4233533
	speed: 0.0496s/iter; left time: 342.4428s
Epoch: 4 cost time: 55.87964963912964
Epoch: 4, Steps: 1143 | Train Loss: 0.5133363 Vali Loss: 0.4953700 Test Loss: 0.2270815
Validation loss decreased (0.498663 --> 0.495370).  Saving model ...
Updating learning rate to 6.25e-06
	iters: 100, epoch: 5 | loss: 0.3435740
	speed: 0.1583s/iter; left time: 1070.0778s
	iters: 200, epoch: 5 | loss: 0.3269724
	speed: 0.0486s/iter; left time: 323.9173s
	iters: 300, epoch: 5 | loss: 0.3300020
	speed: 0.0483s/iter; left time: 317.0463s
	iters: 400, epoch: 5 | loss: 0.4689291
	speed: 0.0476s/iter; left time: 307.7394s
	iters: 500, epoch: 5 | loss: 0.4493000
	speed: 0.0491s/iter; left time: 312.0917s
	iters: 600, epoch: 5 | loss: 0.4086046
	speed: 0.0514s/iter; left time: 321.8828s
	iters: 700, epoch: 5 | loss: 0.4672858
	speed: 0.0515s/iter; left time: 317.1394s
	iters: 800, epoch: 5 | loss: 0.4402014
	speed: 0.0511s/iter; left time: 309.7622s
	iters: 900, epoch: 5 | loss: 0.4746948
	speed: 0.0504s/iter; left time: 300.1270s
	iters: 1000, epoch: 5 | loss: 0.3732502
	speed: 0.0496s/iter; left time: 290.4877s
	iters: 1100, epoch: 5 | loss: 0.9438693
	speed: 0.0494s/iter; left time: 284.4544s
Epoch: 5 cost time: 56.58144521713257
Epoch: 5, Steps: 1143 | Train Loss: 0.5101118 Vali Loss: 0.4917911 Test Loss: 0.2253341
Validation loss decreased (0.495370 --> 0.491791).  Saving model ...
Updating learning rate to 3.125e-06
	iters: 100, epoch: 6 | loss: 0.3516388
	speed: 0.1648s/iter; left time: 925.7199s
	iters: 200, epoch: 6 | loss: 0.3961535
	speed: 0.0517s/iter; left time: 285.2207s
	iters: 300, epoch: 6 | loss: 0.8829159
	speed: 0.0518s/iter; left time: 280.4875s
	iters: 400, epoch: 6 | loss: 0.3969320
	speed: 0.0511s/iter; left time: 271.5193s
	iters: 500, epoch: 6 | loss: 0.5118156
	speed: 0.0513s/iter; left time: 267.4655s
	iters: 600, epoch: 6 | loss: 0.3275372
	speed: 0.0520s/iter; left time: 265.8006s
	iters: 700, epoch: 6 | loss: 0.4482478
	speed: 0.0515s/iter; left time: 258.4044s
	iters: 800, epoch: 6 | loss: 0.4049522
	speed: 0.0520s/iter; left time: 255.4799s
	iters: 900, epoch: 6 | loss: 0.9351000
	speed: 0.0514s/iter; left time: 247.6273s
	iters: 1000, epoch: 6 | loss: 0.3944524
	speed: 0.0515s/iter; left time: 242.6520s
	iters: 1100, epoch: 6 | loss: 0.4214465
	speed: 0.0518s/iter; left time: 239.2238s
Epoch: 6 cost time: 58.75197076797485
Epoch: 6, Steps: 1143 | Train Loss: 0.5085550 Vali Loss: 0.4926470 Test Loss: 0.2250337
EarlyStopping counter: 1 out of 3
Updating learning rate to 1.5625e-06
	iters: 100, epoch: 7 | loss: 0.3830003
	speed: 0.1628s/iter; left time: 728.2292s
	iters: 200, epoch: 7 | loss: 0.5580584
	speed: 0.0501s/iter; left time: 218.9981s
	iters: 300, epoch: 7 | loss: 0.3799901
	speed: 0.0529s/iter; left time: 225.9018s
	iters: 400, epoch: 7 | loss: 0.4140481
	speed: 0.0510s/iter; left time: 212.9274s
	iters: 500, epoch: 7 | loss: 0.3873392
	speed: 0.0510s/iter; left time: 207.7183s
	iters: 600, epoch: 7 | loss: 0.3851210
	speed: 0.0510s/iter; left time: 202.7169s
	iters: 700, epoch: 7 | loss: 0.3227670
	speed: 0.0505s/iter; left time: 195.7584s
	iters: 800, epoch: 7 | loss: 0.3842764
	speed: 0.0511s/iter; left time: 192.8750s
	iters: 900, epoch: 7 | loss: 0.3160747
	speed: 0.0512s/iter; left time: 187.9518s
	iters: 1000, epoch: 7 | loss: 0.3685865
	speed: 0.0504s/iter; left time: 180.1507s
	iters: 1100, epoch: 7 | loss: 0.3716282
	speed: 0.0529s/iter; left time: 183.5976s
Epoch: 7 cost time: 58.084283113479614
Epoch: 7, Steps: 1143 | Train Loss: 0.5078618 Vali Loss: 0.4897700 Test Loss: 0.2248043
Validation loss decreased (0.491791 --> 0.489770).  Saving model ...
Updating learning rate to 7.8125e-07
	iters: 100, epoch: 8 | loss: 0.3186423
	speed: 0.1523s/iter; left time: 507.2082s
	iters: 200, epoch: 8 | loss: 0.9732041
	speed: 0.0481s/iter; left time: 155.4738s
	iters: 300, epoch: 8 | loss: 0.3959122
	speed: 0.0476s/iter; left time: 148.9681s
	iters: 400, epoch: 8 | loss: 0.4231347
	speed: 0.0477s/iter; left time: 144.4505s
	iters: 500, epoch: 8 | loss: 0.3271759
	speed: 0.0476s/iter; left time: 139.4669s
	iters: 600, epoch: 8 | loss: 0.4062388
	speed: 0.0477s/iter; left time: 134.8525s
	iters: 700, epoch: 8 | loss: 0.3396626
	speed: 0.0480s/iter; left time: 131.0850s
	iters: 800, epoch: 8 | loss: 0.8869287
	speed: 0.0476s/iter; left time: 125.2481s
	iters: 900, epoch: 8 | loss: 0.4609550
	speed: 0.0481s/iter; left time: 121.7265s
	iters: 1000, epoch: 8 | loss: 0.8798255
	speed: 0.0481s/iter; left time: 116.8452s
	iters: 1100, epoch: 8 | loss: 0.3560497
	speed: 0.0482s/iter; left time: 112.2934s
Epoch: 8 cost time: 54.50434994697571
Epoch: 8, Steps: 1143 | Train Loss: 0.5073955 Vali Loss: 0.4908190 Test Loss: 0.2248268
EarlyStopping counter: 1 out of 3
Updating learning rate to 3.90625e-07
	iters: 100, epoch: 9 | loss: 0.4320726
	speed: 0.1582s/iter; left time: 345.8776s
	iters: 200, epoch: 9 | loss: 0.6216199
	speed: 0.0489s/iter; left time: 102.0617s
	iters: 300, epoch: 9 | loss: 0.9561424
	speed: 0.0509s/iter; left time: 101.2110s
	iters: 400, epoch: 9 | loss: 0.4107209
	speed: 0.0507s/iter; left time: 95.7643s
	iters: 500, epoch: 9 | loss: 0.5352085
	speed: 0.0497s/iter; left time: 88.7309s
	iters: 600, epoch: 9 | loss: 0.8037561
	speed: 0.0484s/iter; left time: 81.6650s
	iters: 700, epoch: 9 | loss: 0.8943079
	speed: 0.0483s/iter; left time: 76.5916s
	iters: 800, epoch: 9 | loss: 0.4076812
	speed: 0.0474s/iter; left time: 70.5177s
	iters: 900, epoch: 9 | loss: 0.5208261
	speed: 0.0495s/iter; left time: 68.6658s
	iters: 1000, epoch: 9 | loss: 0.3739025
	speed: 0.0476s/iter; left time: 61.2208s
	iters: 1100, epoch: 9 | loss: 0.4375665
	speed: 0.0484s/iter; left time: 57.5082s
Epoch: 9 cost time: 55.753514528274536
Epoch: 9, Steps: 1143 | Train Loss: 0.5070962 Vali Loss: 0.4911443 Test Loss: 0.2247087
EarlyStopping counter: 2 out of 3
Updating learning rate to 1.953125e-07
	iters: 100, epoch: 10 | loss: 0.4591507
	speed: 0.1544s/iter; left time: 161.1947s
	iters: 200, epoch: 10 | loss: 0.5666764
	speed: 0.0488s/iter; left time: 46.0489s
	iters: 300, epoch: 10 | loss: 0.3704203
	speed: 0.0494s/iter; left time: 41.7263s
	iters: 400, epoch: 10 | loss: 0.4234486
	speed: 0.0490s/iter; left time: 36.4751s
	iters: 500, epoch: 10 | loss: 0.9351361
	speed: 0.0480s/iter; left time: 30.9307s
	iters: 600, epoch: 10 | loss: 0.4330970
	speed: 0.0481s/iter; left time: 26.1843s
	iters: 700, epoch: 10 | loss: 0.5162113
	speed: 0.0479s/iter; left time: 21.2887s
	iters: 800, epoch: 10 | loss: 0.3624240
	speed: 0.0492s/iter; left time: 16.9410s
	iters: 900, epoch: 10 | loss: 0.4916072
	speed: 0.0492s/iter; left time: 12.0122s
	iters: 1000, epoch: 10 | loss: 0.4079638
	speed: 0.0486s/iter; left time: 6.9948s
	iters: 1100, epoch: 10 | loss: 0.3608502
	speed: 0.0458s/iter; left time: 2.0137s
Epoch: 10 cost time: 55.1270067691803
Epoch: 10, Steps: 1143 | Train Loss: 0.5068398 Vali Loss: 0.4900362 Test Loss: 0.2246182
EarlyStopping counter: 3 out of 3
Early stopping
>>>>>>>testing : ReVIN_RFA_only_weather_96_192_PCDformer_custom_ftM_sl96_ll0_pl192_dm256_nh8_el2_dl1_df1024_fc1_rv1_ra1_ebtimeF_dtTrue_ReVIN_RFA_only_0<<<<<<<<<<<<<<<<<<<<<<<<<<<<<<<<<
test 10348
test shape: (10348, 192, 21) (10348, 192, 21)
test shape: (10348, 192, 21) (10348, 192, 21)
mse:0.22506004571914673, mae:0.2606995105743408

============================================================
Finished: 05_ReVIN_RFA_only_weather_96_192
End time: 2026-06-05 04:43:39
============================================================

