============================================================
Start: 12_ReVIN_RFA_only_ETTm1_201_672
Work dir: /hy-tmp/PCDformer_ablation_02_ReVIN_RFA_only_code
Log file: /hy-tmp/run_logs_ablation_30/ReVIN_RFA_only/12_ReVIN_RFA_only_ETTm1_201_672.log
Time: 2026-06-05 16:04:57
============================================================
python -u run.py --is_training 1 --root_path /hy-tmp/PCDformer创新4/dataset/ETT-small/ --data_path ETTm1.csv --model_id ReVIN_RFA_only_ETTm1_201_672 --model PCDformer --data ETTm1 --features M --seq_len 201 --label_len 0 --pred_len 672 --e_layers 2 --d_layers 1 --enc_in 7 --dec_in 7 --c_out 7 --d_model 1024 --d_ff 4096 --n_heads 8 --moving_avg 45 --top_k 1 --use_revin 1 --use_residual_adapter 1 --adapter_gate_init -4.0 --dropout 0.25 --batch_size 64 --learning_rate 0.00010 --train_epochs 10 --patience 3 --des ReVIN_RFA_only --itr 1 --num_workers 0
============================================================
Args in experiment:
Namespace(is_training=1, model_id='ReVIN_RFA_only_ETTm1_201_672', model='PCDformer', data='ETTm1', root_path='/hy-tmp/PCDformer创新4/dataset/ETT-small/', data_path='ETTm1.csv', features='M', target='OT', freq='h', checkpoints='./checkpoints/', seq_len=201, label_len=0, pred_len=672, bucket_size=4, n_hashes=4, enc_in=7, dec_in=7, c_out=7, d_model=1024, n_heads=8, e_layers=2, d_layers=1, d_ff=4096, moving_avg=45, factor=1, top_k=1, use_revin=1, revin_eps=1e-05, use_residual_adapter=1, adapter_gate_init=-4.0, distil=True, dropout=0.25, embed='timeF', activation='gelu', output_attention=False, do_predict=False, num_workers=0, itr=1, train_epochs=10, batch_size=64, patience=3, learning_rate=0.0001, des='ReVIN_RFA_only', loss='mse', lradj='type1', use_amp=False, use_gpu=True, gpu=0, use_multi_gpu=False, devices='0,1,2,3')
Use GPU: cuda:0
>>>>>>>start training : ReVIN_RFA_only_ETTm1_201_672_PCDformer_ETTm1_ftM_sl201_ll0_pl672_dm1024_nh8_el2_dl1_df4096_fc1_rv1_ra1_ebtimeF_dtTrue_ReVIN_RFA_only_0>>>>>>>>>>>>>>>>>>>>>>>>>>
train 33688
val 10849
test 10849
	iters: 100, epoch: 1 | loss: 0.4853502
	speed: 0.0599s/iter; left time: 309.1341s
	iters: 200, epoch: 1 | loss: 0.4742377
	speed: 0.0534s/iter; left time: 270.3957s
	iters: 300, epoch: 1 | loss: 0.4889216
	speed: 0.0484s/iter; left time: 239.9621s
	iters: 400, epoch: 1 | loss: 0.4067658
	speed: 0.0471s/iter; left time: 228.8113s
	iters: 500, epoch: 1 | loss: 0.4611959
	speed: 0.0496s/iter; left time: 236.3217s
Epoch: 1 cost time: 26.623682737350464
Epoch: 1, Steps: 526 | Train Loss: 0.4472423 Vali Loss: 0.9202617 Test Loss: 0.4370254
Validation loss decreased (inf --> 0.920262).  Saving model ...
Updating learning rate to 0.0001
	iters: 100, epoch: 2 | loss: 0.3976251
	speed: 0.1480s/iter; left time: 686.0271s
	iters: 200, epoch: 2 | loss: 0.4075736
	speed: 0.0504s/iter; left time: 228.6071s
	iters: 300, epoch: 2 | loss: 0.4146069
	speed: 0.0497s/iter; left time: 220.4870s
	iters: 400, epoch: 2 | loss: 0.4391401
	speed: 0.0498s/iter; left time: 215.7774s
	iters: 500, epoch: 2 | loss: 0.4186674
	speed: 0.0504s/iter; left time: 213.5302s
Epoch: 2 cost time: 26.166606187820435
Epoch: 2, Steps: 526 | Train Loss: 0.4081433 Vali Loss: 0.9107678 Test Loss: 0.4426305
Validation loss decreased (0.920262 --> 0.910768).  Saving model ...
Updating learning rate to 5e-05
	iters: 100, epoch: 3 | loss: 0.3985780
	speed: 0.3556s/iter; left time: 1461.2497s
	iters: 200, epoch: 3 | loss: 0.3318794
	speed: 0.0506s/iter; left time: 202.9618s
	iters: 300, epoch: 3 | loss: 0.3741322
	speed: 0.0506s/iter; left time: 197.9242s
	iters: 400, epoch: 3 | loss: 0.3776557
	speed: 0.0506s/iter; left time: 192.8356s
	iters: 500, epoch: 3 | loss: 0.3764107
	speed: 0.0505s/iter; left time: 187.3927s
Epoch: 3 cost time: 26.387599229812622
Epoch: 3, Steps: 526 | Train Loss: 0.3846789 Vali Loss: 0.9100359 Test Loss: 0.4715872
Validation loss decreased (0.910768 --> 0.910036).  Saving model ...
Updating learning rate to 2.5e-05
	iters: 100, epoch: 4 | loss: 0.3611725
	speed: 0.1439s/iter; left time: 515.4745s
	iters: 200, epoch: 4 | loss: 0.3510517
	speed: 0.0492s/iter; left time: 171.1985s
	iters: 300, epoch: 4 | loss: 0.3924424
	speed: 0.0494s/iter; left time: 167.1219s
	iters: 400, epoch: 4 | loss: 0.3477620
	speed: 0.0507s/iter; left time: 166.5864s
	iters: 500, epoch: 4 | loss: 0.3794627
	speed: 0.0497s/iter; left time: 158.1208s
Epoch: 4 cost time: 25.95103907585144
Epoch: 4, Steps: 526 | Train Loss: 0.3701467 Vali Loss: 0.9058211 Test Loss: 0.4781400
Validation loss decreased (0.910036 --> 0.905821).  Saving model ...
Updating learning rate to 1.25e-05
	iters: 100, epoch: 5 | loss: 0.3507450
	speed: 0.1418s/iter; left time: 433.5629s
	iters: 200, epoch: 5 | loss: 0.4052568
	speed: 0.0484s/iter; left time: 143.2001s
	iters: 300, epoch: 5 | loss: 0.3815768
	speed: 0.0500s/iter; left time: 142.8588s
	iters: 400, epoch: 5 | loss: 0.3867764
	speed: 0.0499s/iter; left time: 137.6388s
	iters: 500, epoch: 5 | loss: 0.3762630
	speed: 0.0501s/iter; left time: 133.1617s
Epoch: 5 cost time: 25.917595624923706
Epoch: 5, Steps: 526 | Train Loss: 0.3619354 Vali Loss: 0.9080924 Test Loss: 0.4834245
EarlyStopping counter: 1 out of 3
Updating learning rate to 6.25e-06
	iters: 100, epoch: 6 | loss: 0.3898695
	speed: 0.1468s/iter; left time: 371.5650s
	iters: 200, epoch: 6 | loss: 0.3571016
	speed: 0.0494s/iter; left time: 120.1815s
	iters: 300, epoch: 6 | loss: 0.3566045
	speed: 0.0506s/iter; left time: 117.8550s
	iters: 400, epoch: 6 | loss: 0.3658327
	speed: 0.0512s/iter; left time: 114.3013s
	iters: 500, epoch: 6 | loss: 0.3998534
	speed: 0.0510s/iter; left time: 108.6983s
Epoch: 6 cost time: 26.280968189239502
Epoch: 6, Steps: 526 | Train Loss: 0.3576489 Vali Loss: 0.9079951 Test Loss: 0.4868370
EarlyStopping counter: 2 out of 3
Updating learning rate to 3.125e-06
	iters: 100, epoch: 7 | loss: 0.3628688
	speed: 0.1462s/iter; left time: 293.1423s
	iters: 200, epoch: 7 | loss: 0.2974796
	speed: 0.0490s/iter; left time: 93.3375s
	iters: 300, epoch: 7 | loss: 0.3907642
	speed: 0.0503s/iter; left time: 90.7603s
	iters: 400, epoch: 7 | loss: 0.3370569
	speed: 0.0503s/iter; left time: 85.7090s
	iters: 500, epoch: 7 | loss: 0.3319961
	speed: 0.0492s/iter; left time: 79.0215s
Epoch: 7 cost time: 26.08051562309265
Epoch: 7, Steps: 526 | Train Loss: 0.3558224 Vali Loss: 0.9066877 Test Loss: 0.4870923
EarlyStopping counter: 3 out of 3
Early stopping
>>>>>>>testing : ReVIN_RFA_only_ETTm1_201_672_PCDformer_ETTm1_ftM_sl201_ll0_pl672_dm1024_nh8_el2_dl1_df4096_fc1_rv1_ra1_ebtimeF_dtTrue_ReVIN_RFA_only_0<<<<<<<<<<<<<<<<<<<<<<<<<<<<<<<<<
test 10849
test shape: (10849, 672, 7) (10849, 672, 7)
test shape: (10849, 672, 7) (10849, 672, 7)
mse:0.47736355662345886, mae:0.445324569940567

============================================================
Finished: 12_ReVIN_RFA_only_ETTm1_201_672
End time: 2026-06-05 16:09:32
============================================================

