============================================================
Start: 01_original_ETTh1_201_720
Work dir: PCDformer-Autoformer-paper-aligned
Log file: run_logs/01_original_ETTh1_201_720.log
Time: 2026-06-03 17:37:01
============================================================
python -u run.py --is_training 1 --root_path ./dataset/ETT-small/ --data_path ETTh1.csv --model_id PCDformer_ETTh1_201_720 --model PCDformer --data ETTh1 --features M --seq_len 201 --label_len 0 --pred_len 720 --e_layers 2 --d_layers 1 --enc_in 7 --dec_in 7 --c_out 7 --d_model 1024 --d_ff 4096 --n_heads 8 --moving_avg 45 --top_k 2 --dropout 0.50 --batch_size 64 --learning_rate 0.000015 --train_epochs 10 --patience 3 --des PCDformer --itr 1 --num_workers 0
============================================================
Args in experiment:
Namespace(is_training=1, model_id='PCDformer_ETTh1_201_720', model='PCDformer', data='ETTh1', root_path='./dataset/ETT-small/', data_path='ETTh1.csv', features='M', target='OT', freq='h', checkpoints='./checkpoints/', seq_len=201, label_len=0, pred_len=720, bucket_size=4, n_hashes=4, enc_in=7, dec_in=7, c_out=7, d_model=1024, n_heads=8, e_layers=2, d_layers=1, d_ff=4096, moving_avg=45, factor=1, top_k=2, distil=True, dropout=0.5, embed='timeF', activation='gelu', output_attention=False, do_predict=False, num_workers=0, itr=1, train_epochs=10, batch_size=64, patience=3, learning_rate=1.5e-05, des='PCDformer', loss='mse', lradj='type1', use_amp=False, use_gpu=True, gpu=0, use_multi_gpu=False, devices='0,1,2,3')
Use GPU: cuda:0
>>>>>>>start training : PCDformer_ETTh1_201_720_PCDformer_ETTh1_ftM_sl201_ll0_pl720_dm1024_nh8_el2_dl1_df4096_fc1_ebtimeF_dtTrue_PCDformer_0>>>>>>>>>>>>>>>>>>>>>>>>>>
train 7720
val 2161
test 2161
	iters: 100, epoch: 1 | loss: 1.0183156
	speed: 0.0443s/iter; left time: 48.7689s
Epoch: 1 cost time: 4.461759567260742
Epoch: 1, Steps: 120 | Train Loss: 1.1596765 Vali Loss: 1.4861162 Test Loss: 0.6835209
Validation loss decreased (inf --> 1.486116).  Saving model ...
Updating learning rate to 1.5e-05
	iters: 100, epoch: 2 | loss: 0.8584481
	speed: 0.0545s/iter; left time: 53.4294s
Epoch: 2 cost time: 3.705310821533203
Epoch: 2, Steps: 120 | Train Loss: 0.8691979 Vali Loss: 1.3432245 Test Loss: 0.6002831
Validation loss decreased (1.486116 --> 1.343225).  Saving model ...
Updating learning rate to 7.5e-06
	iters: 100, epoch: 3 | loss: 0.7308074
	speed: 0.0713s/iter; left time: 61.4118s
Epoch: 3 cost time: 5.462450265884399
Epoch: 3, Steps: 120 | Train Loss: 0.7721298 Vali Loss: 1.3166677 Test Loss: 0.5965158
Validation loss decreased (1.343225 --> 1.316668).  Saving model ...
Updating learning rate to 3.75e-06
	iters: 100, epoch: 4 | loss: 0.7227291
	speed: 0.0698s/iter; left time: 51.7305s
Epoch: 4 cost time: 4.864101886749268
Epoch: 4, Steps: 120 | Train Loss: 0.7374812 Vali Loss: 1.2987751 Test Loss: 0.5903177
Validation loss decreased (1.316668 --> 1.298775).  Saving model ...
Updating learning rate to 1.875e-06
	iters: 100, epoch: 5 | loss: 0.7071570
	speed: 0.0741s/iter; left time: 46.0465s
Epoch: 5 cost time: 5.586669206619263
Epoch: 5, Steps: 120 | Train Loss: 0.7244769 Vali Loss: 1.2918708 Test Loss: 0.5923171
Validation loss decreased (1.298775 --> 1.291871).  Saving model ...
Updating learning rate to 9.375e-07
	iters: 100, epoch: 6 | loss: 0.7465841
	speed: 0.0743s/iter; left time: 37.2136s
Epoch: 6 cost time: 5.51120662689209
Epoch: 6, Steps: 120 | Train Loss: 0.7173599 Vali Loss: 1.2863805 Test Loss: 0.5844917
Validation loss decreased (1.291871 --> 1.286381).  Saving model ...
Updating learning rate to 4.6875e-07
	iters: 100, epoch: 7 | loss: 0.7164365
	speed: 0.0747s/iter; left time: 28.4539s
Epoch: 7 cost time: 5.583101272583008
Epoch: 7, Steps: 120 | Train Loss: 0.7142273 Vali Loss: 1.2877300 Test Loss: 0.5853715
EarlyStopping counter: 1 out of 3
Updating learning rate to 2.34375e-07
	iters: 100, epoch: 8 | loss: 0.7369930
	speed: 0.0714s/iter; left time: 18.6247s
Epoch: 8 cost time: 5.462577819824219
Epoch: 8, Steps: 120 | Train Loss: 0.7125761 Vali Loss: 1.2863077 Test Loss: 0.5846733
Validation loss decreased (1.286381 --> 1.286308).  Saving model ...
Updating learning rate to 1.171875e-07
	iters: 100, epoch: 9 | loss: 0.7140141
	speed: 0.0741s/iter; left time: 10.4442s
Epoch: 9 cost time: 5.3514015674591064
Epoch: 9, Steps: 120 | Train Loss: 0.7116105 Vali Loss: 1.2858131 Test Loss: 0.5850506
Validation loss decreased (1.286308 --> 1.285813).  Saving model ...
Updating learning rate to 5.859375e-08
	iters: 100, epoch: 10 | loss: 0.7198461
	speed: 0.0718s/iter; left time: 1.5083s
Epoch: 10 cost time: 5.253573894500732
Epoch: 10, Steps: 120 | Train Loss: 0.7110122 Vali Loss: 1.2850657 Test Loss: 0.5850255
Validation loss decreased (1.285813 --> 1.285066).  Saving model ...
Updating learning rate to 2.9296875e-08
>>>>>>>testing : PCDformer_ETTh1_201_720_PCDformer_ETTh1_ftM_sl201_ll0_pl720_dm1024_nh8_el2_dl1_df4096_fc1_ebtimeF_dtTrue_PCDformer_0<<<<<<<<<<<<<<<<<<<<<<<<<<<<<<<<<
test 2161
test shape: (2161, 720, 7) (2161, 720, 7)
test shape: (2161, 720, 7) (2161, 720, 7)
mse:0.5842744708061218, mae:0.5624952912330627
avg_infer_ms_per_seq:0.155395, throughput_seq_per_sec:6435.226302

============================================================
Finished: 01_original_ETTh1_201_720
End time: 2026-06-03 17:38:18
============================================================
