============================================================
Start: 05_original_weather_96_336
Work dir: PCDformer-Autoformer-paper-aligned
Log file: run_logs/05_original_weather_96_336.log
Time: 2026-06-03 18:17:43
============================================================
python -u run.py --is_training 1 --root_path ./dataset/weather/ --data_path weather.csv --model_id PCDformer_weather_96_336 --model PCDformer --data custom --features M --seq_len 96 --label_len 0 --pred_len 336 --e_layers 2 --d_layers 1 --enc_in 21 --dec_in 21 --c_out 21 --d_model 512 --d_ff 2048 --n_heads 8 --moving_avg 25 --top_k 1 --dropout 0.025 --batch_size 64 --learning_rate 0.00005 --train_epochs 10 --patience 3 --des PCDformer --itr 1 --num_workers 0
============================================================
Args in experiment:
Namespace(is_training=1, model_id='PCDformer_weather_96_336', model='PCDformer', data='custom', root_path='./dataset/weather/', data_path='weather.csv', features='M', target='OT', freq='h', checkpoints='./checkpoints/', seq_len=96, label_len=0, pred_len=336, bucket_size=4, n_hashes=4, enc_in=21, dec_in=21, c_out=21, d_model=512, n_heads=8, e_layers=2, d_layers=1, d_ff=2048, moving_avg=25, factor=1, top_k=1, distil=True, dropout=0.025, embed='timeF', activation='gelu', output_attention=False, do_predict=False, num_workers=0, itr=1, train_epochs=10, batch_size=64, patience=3, learning_rate=5e-05, des='PCDformer', loss='mse', lradj='type1', use_amp=False, use_gpu=True, gpu=0, use_multi_gpu=False, devices='0,1,2,3')
Use GPU: cuda:0
>>>>>>>start training : PCDformer_weather_96_336_PCDformer_custom_ftM_sl96_ll0_pl336_dm512_nh8_el2_dl1_df2048_fc1_ebtimeF_dtTrue_PCDformer_0>>>>>>>>>>>>>>>>>>>>>>>>>>
train 36456
val 4935
test 10204
	iters: 100, epoch: 1 | loss: 0.9658675
	speed: 0.0535s/iter; left time: 299.0620s
	iters: 200, epoch: 1 | loss: 0.5732072
	speed: 0.0474s/iter; left time: 260.0929s
	iters: 300, epoch: 1 | loss: 0.6267423
	speed: 0.0476s/iter; left time: 256.6845s
	iters: 400, epoch: 1 | loss: 0.5261501
	speed: 0.0480s/iter; left time: 254.0800s
	iters: 500, epoch: 1 | loss: 0.4295306
	speed: 0.0477s/iter; left time: 247.6685s
Epoch: 1 cost time: 27.230093240737915
Epoch: 1, Steps: 569 | Train Loss: 0.6053780 Vali Loss: 0.5300842 Test Loss: 0.2707491
Validation loss decreased (inf --> 0.530084).  Saving model ...
Updating learning rate to 5e-05
	iters: 100, epoch: 2 | loss: 0.5872084
	speed: 0.1399s/iter; left time: 702.7317s
	iters: 200, epoch: 2 | loss: 0.5983140
	speed: 0.0481s/iter; left time: 236.6337s
	iters: 300, epoch: 2 | loss: 0.6530687
	speed: 0.0498s/iter; left time: 240.1935s
	iters: 400, epoch: 2 | loss: 0.7188978
	speed: 0.0521s/iter; left time: 246.2235s
	iters: 500, epoch: 2 | loss: 0.4919981
	speed: 0.0525s/iter; left time: 242.8834s
Epoch: 2 cost time: 28.460524320602417
Epoch: 2, Steps: 569 | Train Loss: 0.5398323 Vali Loss: 0.5328839 Test Loss: 0.2687096
EarlyStopping counter: 1 out of 3
Updating learning rate to 2.5e-05
	iters: 100, epoch: 3 | loss: 0.4739784
	speed: 0.1431s/iter; left time: 637.1603s
	iters: 200, epoch: 3 | loss: 0.4447730
	speed: 0.0510s/iter; left time: 221.8546s
	iters: 300, epoch: 3 | loss: 0.5603926
	speed: 0.0519s/iter; left time: 220.7504s
	iters: 400, epoch: 3 | loss: 0.4042015
	speed: 0.0467s/iter; left time: 194.0290s
	iters: 500, epoch: 3 | loss: 0.7991722
	speed: 0.0482s/iter; left time: 195.2437s
Epoch: 3 cost time: 28.1453275680542
Epoch: 3, Steps: 569 | Train Loss: 0.5218597 Vali Loss: 0.5377475 Test Loss: 0.2671567
EarlyStopping counter: 2 out of 3
Updating learning rate to 1.25e-05
	iters: 100, epoch: 4 | loss: 0.7945813
	speed: 0.1429s/iter; left time: 554.9834s
	iters: 200, epoch: 4 | loss: 0.4730387
	speed: 0.0520s/iter; left time: 196.8096s
	iters: 300, epoch: 4 | loss: 0.4662314
	speed: 0.0524s/iter; left time: 192.9668s
	iters: 400, epoch: 4 | loss: 0.3784107
	speed: 0.0514s/iter; left time: 184.3565s
	iters: 500, epoch: 4 | loss: 0.4107751
	speed: 0.0480s/iter; left time: 167.0618s
Epoch: 4 cost time: 28.580606698989868
Epoch: 4, Steps: 569 | Train Loss: 0.5128615 Vali Loss: 0.5360966 Test Loss: 0.2668528
EarlyStopping counter: 3 out of 3
Early stopping
>>>>>>>testing : PCDformer_weather_96_336_PCDformer_custom_ftM_sl96_ll0_pl336_dm512_nh8_el2_dl1_df2048_fc1_ebtimeF_dtTrue_PCDformer_0<<<<<<<<<<<<<<<<<<<<<<<<<<<<<<<<<
test 10204
test shape: (10204, 336, 21) (10204, 336, 21)
test shape: (10204, 336, 21) (10204, 336, 21)
mse:0.271357923746109, mae:0.3186378479003906
avg_infer_ms_per_seq:0.122004, throughput_seq_per_sec:8196.422933

============================================================
Finished: 05_original_weather_96_336
End time: 2026-06-03 18:20:10
============================================================
