============================================================
Start: 06_innovation_ETTh1_201_336
Work dir: PCDformer创新4
Log file: run_logs/06_innovation_ETTh1_201_336.log
Time: 2026-06-02 23:27:23
============================================================
python -u run.py --is_training 1 --root_path ./dataset/ETT-small/ --data_path ETTh1.csv --model_id RFA_ETTh1_201_336 --model PCDformer --data ETTh1 --features M --seq_len 201 --label_len 0 --pred_len 336 --e_layers 2 --d_layers 1 --enc_in 7 --dec_in 7 --c_out 7 --d_model 512 --d_ff 2048 --n_heads 8 --moving_avg 45 --top_k 2 --attention_type acr --core_num 0 --route_activation sparsemax --hybrid_direct_threshold 512 --use_revin 1 --use_residual_adapter 1 --adapter_gate_init -4.0 --dropout 0.50 --batch_size 32 --learning_rate 0.00015 --train_epochs 10 --patience 3 --des PCDformer_RFA --itr 1 --num_workers 0
============================================================
Args in experiment:
Namespace(is_training=1, model_id='RFA_ETTh1_201_336', model='PCDformer', data='ETTh1', root_path='./dataset/ETT-small/', data_path='ETTh1.csv', features='M', target='OT', freq='h', checkpoints='./checkpoints/', seq_len=201, label_len=0, pred_len=336, bucket_size=4, n_hashes=4, enc_in=7, dec_in=7, c_out=7, d_model=512, n_heads=8, e_layers=2, d_layers=1, d_ff=2048, moving_avg=45, factor=1, top_k=2, attention_type='acr', core_num=0, route_activation='sparsemax', hybrid_direct_threshold=512, use_revin=1, revin_eps=1e-05, use_residual_adapter=1, adapter_gate_init=-4.0, distil=True, dropout=0.5, embed='timeF', activation='gelu', output_attention=False, do_predict=False, num_workers=0, itr=1, train_epochs=10, batch_size=32, patience=3, learning_rate=0.00015, des='PCDformer_RFA', loss='mse', lradj='type1', use_amp=False, use_gpu=True, gpu=0, use_multi_gpu=False, devices='0,1,2,3')
Use GPU: cuda:0
>>>>>>>start training : RFA_ETTh1_201_336_PCDformer_ETTh1_ftM_sl201_ll0_pl336_dm512_nh8_el2_dl1_df2048_fc1_attnacr_core0_routesparsemax_hd512_rv1_ra1_ebtimeF_dtTrue_PCDformer_RFA_0>>>>>>>>>>>>>>>>>>>>>>>>>>
train 8104
val 2545
test 2545
	iters: 100, epoch: 1 | loss: 0.6019630
	speed: 0.0697s/iter; left time: 169.3765s
	iters: 200, epoch: 1 | loss: 0.5392884
	speed: 0.0594s/iter; left time: 138.5409s
Epoch: 1 cost time: 15.537033557891846
Epoch: 1, Steps: 253 | Train Loss: 0.5538151 Vali Loss: 1.2407713 Test Loss: 0.4778036
Validation loss decreased (inf --> 1.240771).  Saving model ...
Updating learning rate to 0.00015
	iters: 100, epoch: 2 | loss: 0.4960604
	speed: 0.1185s/iter; left time: 258.0339s
	iters: 200, epoch: 2 | loss: 0.5511650
	speed: 0.0616s/iter; left time: 127.9346s
Epoch: 2 cost time: 14.975207328796387
Epoch: 2, Steps: 253 | Train Loss: 0.4899294 Vali Loss: 1.2555947 Test Loss: 0.4774167
EarlyStopping counter: 1 out of 3
Updating learning rate to 7.5e-05
	iters: 100, epoch: 3 | loss: 0.5267342
	speed: 0.1203s/iter; left time: 231.5725s
	iters: 200, epoch: 3 | loss: 0.4532543
	speed: 0.0614s/iter; left time: 112.0207s
Epoch: 3 cost time: 15.239127159118652
Epoch: 3, Steps: 253 | Train Loss: 0.4691851 Vali Loss: 1.2537189 Test Loss: 0.4900489
EarlyStopping counter: 2 out of 3
Updating learning rate to 3.75e-05
	iters: 100, epoch: 4 | loss: 0.5171131
	speed: 0.1206s/iter; left time: 201.6029s
	iters: 200, epoch: 4 | loss: 0.4599404
	speed: 0.0611s/iter; left time: 96.0412s
Epoch: 4 cost time: 15.263725519180298
Epoch: 4, Steps: 253 | Train Loss: 0.4566536 Vali Loss: 1.2704806 Test Loss: 0.4690935
EarlyStopping counter: 3 out of 3
Early stopping
>>>>>>>testing : RFA_ETTh1_201_336_PCDformer_ETTh1_ftM_sl201_ll0_pl336_dm512_nh8_el2_dl1_df2048_fc1_attnacr_core0_routesparsemax_hd512_rv1_ra1_ebtimeF_dtTrue_PCDformer_RFA_0<<<<<<<<<<<<<<<<<<<<<<<<<<<<<<<<<
test 2545
test shape: (2545, 336, 7) (2545, 336, 7)
test shape: (2545, 336, 7) (2545, 336, 7)
mse:0.47724592685699463, mae:0.4554422199726105
avg_infer_ms_per_seq:0.442804, throughput_seq_per_sec:2258.333449

============================================================
Finished: 06_innovation_ETTh1_201_336
End time: 2026-06-02 23:28:43
============================================================
