============================================================
Start: 07_innovation_ETTm1_201_672
Work dir: PCDformer创新4
Log file: run_logs/07_innovation_ETTm1_201_672.log
Time: 2026-06-03 18:21:24
============================================================
python -u run.py --is_training 1 --root_path ./dataset/ETT-small/ --data_path ETTm1.csv --model_id SPACR_ETTm1_201_672 --model PCDformer --data ETTm1 --features M --seq_len 201 --label_len 0 --pred_len 672 --e_layers 2 --d_layers 1 --enc_in 7 --dec_in 7 --c_out 7 --d_model 1024 --d_ff 4096 --n_heads 8 --moving_avg 45 --top_k 1 --attention_type acr --core_num 0 --route_activation sparsemax --hybrid_direct_threshold 0 --use_revin 1 --use_residual_adapter 1 --adapter_gate_init -4.0 --dropout 0.25 --batch_size 64 --learning_rate 0.00010 --train_epochs 10 --patience 3 --des PCDformer_SPACR --itr 1 --num_workers 0
============================================================
Args in experiment:
Namespace(is_training=1, model_id='SPACR_ETTm1_201_672', model='PCDformer', data='ETTm1', root_path='./dataset/ETT-small/', data_path='ETTm1.csv', features='M', target='OT', freq='h', checkpoints='./checkpoints/', seq_len=201, label_len=0, pred_len=672, bucket_size=4, n_hashes=4, enc_in=7, dec_in=7, c_out=7, d_model=1024, n_heads=8, e_layers=2, d_layers=1, d_ff=4096, moving_avg=45, factor=1, top_k=1, attention_type='acr', core_num=0, route_activation='sparsemax', hybrid_direct_threshold=0, use_revin=1, revin_eps=1e-05, use_residual_adapter=1, adapter_gate_init=-4.0, distil=True, dropout=0.25, embed='timeF', activation='gelu', output_attention=False, do_predict=False, num_workers=0, itr=1, train_epochs=10, batch_size=64, patience=3, learning_rate=0.0001, des='PCDformer_SPACR', loss='mse', lradj='type1', use_amp=False, use_gpu=True, gpu=0, use_multi_gpu=False, devices='0,1,2,3')
Use GPU: cuda:0
>>>>>>>start training : SPACR_ETTm1_201_672_PCDformer_ETTm1_ftM_sl201_ll0_pl672_dm1024_nh8_el2_dl1_df4096_fc1_attnacr_core0_routesparsemax_hd0_rv1_ra1_ebtimeF_dtTrue_PCDformer_SPACR_0>>>>>>>>>>>>>>>>>>>>>>>>>>
train 33688
val 10849
test 10849
	iters: 100, epoch: 1 | loss: 0.5257856
	speed: 0.0585s/iter; left time: 302.0672s
	iters: 200, epoch: 1 | loss: 0.4212314
	speed: 0.0486s/iter; left time: 246.0500s
	iters: 300, epoch: 1 | loss: 0.4336818
	speed: 0.0521s/iter; left time: 258.3229s
	iters: 400, epoch: 1 | loss: 0.4571581
	speed: 0.0566s/iter; left time: 275.2559s
	iters: 500, epoch: 1 | loss: 0.4181236
	speed: 0.0566s/iter; left time: 269.5215s
Epoch: 1 cost time: 28.200040817260742
Epoch: 1, Steps: 526 | Train Loss: 0.4417811 Vali Loss: 0.9267482 Test Loss: 0.4536647
Validation loss decreased (inf --> 0.926748).  Saving model ...
Updating learning rate to 0.0001
	iters: 100, epoch: 2 | loss: 0.4117060
	speed: 0.1517s/iter; left time: 703.2537s
	iters: 200, epoch: 2 | loss: 0.4206145
	speed: 0.0559s/iter; left time: 253.4262s
	iters: 300, epoch: 2 | loss: 0.3758965
	speed: 0.0564s/iter; left time: 250.2080s
	iters: 400, epoch: 2 | loss: 0.4244125
	speed: 0.0560s/iter; left time: 242.6790s
	iters: 500, epoch: 2 | loss: 0.3859363
	speed: 0.0564s/iter; left time: 238.6428s
Epoch: 2 cost time: 29.34803318977356
Epoch: 2, Steps: 526 | Train Loss: 0.3911471 Vali Loss: 0.9342558 Test Loss: 0.4697415
EarlyStopping counter: 1 out of 3
Updating learning rate to 5e-05
	iters: 100, epoch: 3 | loss: 0.3527703
	speed: 0.1425s/iter; left time: 585.6771s
	iters: 200, epoch: 3 | loss: 0.3714931
	speed: 0.0483s/iter; left time: 193.5599s
	iters: 300, epoch: 3 | loss: 0.3663021
	speed: 0.0490s/iter; left time: 191.5623s
	iters: 400, epoch: 3 | loss: 0.3257867
	speed: 0.0499s/iter; left time: 190.2211s
	iters: 500, epoch: 3 | loss: 0.3744904
	speed: 0.0492s/iter; left time: 182.5345s
Epoch: 3 cost time: 25.77336597442627
Epoch: 3, Steps: 526 | Train Loss: 0.3514102 Vali Loss: 0.9575443 Test Loss: 0.5095844
EarlyStopping counter: 2 out of 3
Updating learning rate to 2.5e-05
	iters: 100, epoch: 4 | loss: 0.3299491
	speed: 0.1504s/iter; left time: 538.7840s
	iters: 200, epoch: 4 | loss: 0.3520422
	speed: 0.0556s/iter; left time: 193.5412s
	iters: 300, epoch: 4 | loss: 0.3426071
	speed: 0.0483s/iter; left time: 163.3101s
	iters: 400, epoch: 4 | loss: 0.3818018
	speed: 0.0395s/iter; left time: 129.5759s
	iters: 500, epoch: 4 | loss: 0.3565209
	speed: 0.0512s/iter; left time: 162.8856s
Epoch: 4 cost time: 26.3624849319458
Epoch: 4, Steps: 526 | Train Loss: 0.3289328 Vali Loss: 0.9448096 Test Loss: 0.5118016
EarlyStopping counter: 3 out of 3
Early stopping
>>>>>>>testing : SPACR_ETTm1_201_672_PCDformer_ETTm1_ftM_sl201_ll0_pl672_dm1024_nh8_el2_dl1_df4096_fc1_attnacr_core0_routesparsemax_hd0_rv1_ra1_ebtimeF_dtTrue_PCDformer_SPACR_0<<<<<<<<<<<<<<<<<<<<<<<<<<<<<<<<<
test 10849
test shape: (10849, 672, 7) (10849, 672, 7)
test shape: (10849, 672, 7) (10849, 672, 7)
mse:0.4525138735771179, mae:0.43387141823768616
avg_infer_ms_per_seq:0.156119, throughput_seq_per_sec:6405.386086

============================================================
Finished: 07_innovation_ETTm1_201_672
End time: 2026-06-03 18:23:57
============================================================
