============================================================
Start: 02_ACR_only_ETTm1_201_48
Work dir: /hy-tmp/PCDformer_ablation_01_ACR_only_code
Log file: /hy-tmp/run_logs_ablation_30/ACR_only/02_ACR_only_ETTm1_201_48.log
Time: 2026-06-05 01:09:13
============================================================
python -u run.py --is_training 1 --root_path /hy-tmp/PCDformer创新4/dataset/ETT-small/ --data_path ETTm1.csv --model_id ACR_only_ETTm1_201_48 --model PCDformer --data ETTm1 --features M --seq_len 201 --label_len 0 --pred_len 48 --e_layers 2 --d_layers 1 --enc_in 7 --dec_in 7 --c_out 7 --d_model 256 --d_ff 1024 --n_heads 8 --moving_avg 45 --top_k 1 --attention_type acr --core_num 0 --route_activation softmax --dropout 0.20 --batch_size 32 --learning_rate 0.00005 --train_epochs 10 --patience 3 --des ACR_only --itr 1 --num_workers 0
============================================================
Args in experiment:
Namespace(is_training=1, model_id='ACR_only_ETTm1_201_48', model='PCDformer', data='ETTm1', root_path='/hy-tmp/PCDformer创新4/dataset/ETT-small/', data_path='ETTm1.csv', features='M', target='OT', freq='h', checkpoints='./checkpoints/', seq_len=201, label_len=0, pred_len=48, bucket_size=4, n_hashes=4, enc_in=7, dec_in=7, c_out=7, d_model=256, n_heads=8, e_layers=2, d_layers=1, d_ff=1024, moving_avg=45, factor=1, top_k=1, attention_type='acr', core_num=0, route_activation='softmax', distil=True, dropout=0.2, embed='timeF', activation='gelu', output_attention=False, do_predict=False, num_workers=0, itr=1, train_epochs=10, batch_size=32, patience=3, learning_rate=5e-05, des='ACR_only', loss='mse', lradj='type1', use_amp=False, use_gpu=True, gpu=0, use_multi_gpu=False, devices='0,1,2,3')
Use GPU: cuda:0
>>>>>>>start training : ACR_only_ETTm1_201_48_PCDformer_ETTm1_ftM_sl201_ll0_pl48_dm256_nh8_el2_dl1_df1024_fc1_attnacr_core0_ebtimeF_dtTrue_ACR_only_0>>>>>>>>>>>>>>>>>>>>>>>>>>
train 34312
val 11473
test 11473
	iters: 100, epoch: 1 | loss: 0.5765173
	speed: 0.0598s/iter; left time: 635.4994s
	iters: 200, epoch: 1 | loss: 0.3313164
	speed: 0.0514s/iter; left time: 540.5656s
	iters: 300, epoch: 1 | loss: 0.3132502
	speed: 0.0520s/iter; left time: 542.0877s
	iters: 400, epoch: 1 | loss: 0.3560283
	speed: 0.0518s/iter; left time: 534.2634s
	iters: 500, epoch: 1 | loss: 0.3297189
	speed: 0.0495s/iter; left time: 505.7552s
	iters: 600, epoch: 1 | loss: 0.3160867
	speed: 0.0515s/iter; left time: 520.8334s
	iters: 700, epoch: 1 | loss: 0.2689392
	speed: 0.0519s/iter; left time: 519.5984s
	iters: 800, epoch: 1 | loss: 0.2498802
	speed: 0.0521s/iter; left time: 516.4790s
	iters: 900, epoch: 1 | loss: 0.3351725
	speed: 0.0518s/iter; left time: 509.1507s
	iters: 1000, epoch: 1 | loss: 0.3105569
	speed: 0.0530s/iter; left time: 515.4185s
Epoch: 1 cost time: 55.80220127105713
Epoch: 1, Steps: 1072 | Train Loss: 0.3480591 Vali Loss: 0.3318006 Test Loss: 0.2949374
Validation loss decreased (inf --> 0.331801).  Saving model ...
Updating learning rate to 5e-05
	iters: 100, epoch: 2 | loss: 0.2375432
	speed: 0.1775s/iter; left time: 1694.8578s
	iters: 200, epoch: 2 | loss: 0.2489913
	speed: 0.0507s/iter; left time: 478.8688s
	iters: 300, epoch: 2 | loss: 0.2272348
	speed: 0.0503s/iter; left time: 470.5061s
	iters: 400, epoch: 2 | loss: 0.2882119
	speed: 0.0509s/iter; left time: 470.3221s
	iters: 500, epoch: 2 | loss: 0.2308349
	speed: 0.0508s/iter; left time: 465.0428s
	iters: 600, epoch: 2 | loss: 0.2260855
	speed: 0.0507s/iter; left time: 458.9445s
	iters: 700, epoch: 2 | loss: 0.2559209
	speed: 0.0510s/iter; left time: 456.8128s
	iters: 800, epoch: 2 | loss: 0.2594929
	speed: 0.0510s/iter; left time: 451.5599s
	iters: 900, epoch: 2 | loss: 0.1805438
	speed: 0.0501s/iter; left time: 438.0356s
	iters: 1000, epoch: 2 | loss: 0.2470938
	speed: 0.0500s/iter; left time: 432.5748s
Epoch: 2 cost time: 54.07755208015442
Epoch: 2, Steps: 1072 | Train Loss: 0.2426672 Vali Loss: 0.3231107 Test Loss: 0.2854325
Validation loss decreased (0.331801 --> 0.323111).  Saving model ...
Updating learning rate to 2.5e-05
	iters: 100, epoch: 3 | loss: 0.2352579
	speed: 0.1820s/iter; left time: 1542.4784s
	iters: 200, epoch: 3 | loss: 0.2549458
	speed: 0.0519s/iter; left time: 434.9549s
	iters: 300, epoch: 3 | loss: 0.2941518
	speed: 0.0527s/iter; left time: 436.0614s
	iters: 400, epoch: 3 | loss: 0.2442121
	speed: 0.0517s/iter; left time: 422.4564s
	iters: 500, epoch: 3 | loss: 0.1735734
	speed: 0.0518s/iter; left time: 418.5013s
	iters: 600, epoch: 3 | loss: 0.2132143
	speed: 0.0523s/iter; left time: 417.5032s
	iters: 700, epoch: 3 | loss: 0.2080008
	speed: 0.0525s/iter; left time: 413.3021s
	iters: 800, epoch: 3 | loss: 0.2021818
	speed: 0.0506s/iter; left time: 393.3876s
	iters: 900, epoch: 3 | loss: 0.1762577
	speed: 0.0523s/iter; left time: 401.5094s
	iters: 1000, epoch: 3 | loss: 0.2433797
	speed: 0.0521s/iter; left time: 394.6103s
Epoch: 3 cost time: 55.68131351470947
Epoch: 3, Steps: 1072 | Train Loss: 0.2228537 Vali Loss: 0.3230569 Test Loss: 0.2817813
Validation loss decreased (0.323111 --> 0.323057).  Saving model ...
Updating learning rate to 1.25e-05
	iters: 100, epoch: 4 | loss: 0.2614458
	speed: 0.1778s/iter; left time: 1316.2926s
	iters: 200, epoch: 4 | loss: 0.2661124
	speed: 0.0523s/iter; left time: 381.7999s
	iters: 300, epoch: 4 | loss: 0.1973048
	speed: 0.0514s/iter; left time: 370.1199s
	iters: 400, epoch: 4 | loss: 0.2559836
	speed: 0.0516s/iter; left time: 366.5818s
	iters: 500, epoch: 4 | loss: 0.1913177
	speed: 0.0504s/iter; left time: 353.3425s
	iters: 600, epoch: 4 | loss: 0.2031131
	speed: 0.0528s/iter; left time: 364.5755s
	iters: 700, epoch: 4 | loss: 0.2177009
	speed: 0.0521s/iter; left time: 354.7108s
	iters: 800, epoch: 4 | loss: 0.2124067
	speed: 0.0530s/iter; left time: 355.6024s
	iters: 900, epoch: 4 | loss: 0.2283728
	speed: 0.0510s/iter; left time: 337.0861s
	iters: 1000, epoch: 4 | loss: 0.1764461
	speed: 0.0488s/iter; left time: 317.2268s
Epoch: 4 cost time: 55.032551527023315
Epoch: 4, Steps: 1072 | Train Loss: 0.2153584 Vali Loss: 0.3215432 Test Loss: 0.2849695
Validation loss decreased (0.323057 --> 0.321543).  Saving model ...
Updating learning rate to 6.25e-06
	iters: 100, epoch: 5 | loss: 0.2368814
	speed: 0.1762s/iter; left time: 1115.9411s
	iters: 200, epoch: 5 | loss: 0.2302686
	speed: 0.0524s/iter; left time: 326.4228s
	iters: 300, epoch: 5 | loss: 0.2278952
	speed: 0.0521s/iter; left time: 319.7496s
	iters: 400, epoch: 5 | loss: 0.1945726
	speed: 0.0520s/iter; left time: 313.8459s
	iters: 500, epoch: 5 | loss: 0.2001481
	speed: 0.0521s/iter; left time: 309.2245s
	iters: 600, epoch: 5 | loss: 0.2676189
	speed: 0.0512s/iter; left time: 298.8001s
	iters: 700, epoch: 5 | loss: 0.2139050
	speed: 0.0520s/iter; left time: 298.3843s
	iters: 800, epoch: 5 | loss: 0.2399307
	speed: 0.0523s/iter; left time: 294.6129s
	iters: 900, epoch: 5 | loss: 0.1531474
	speed: 0.0525s/iter; left time: 290.3010s
	iters: 1000, epoch: 5 | loss: 0.2216646
	speed: 0.0510s/iter; left time: 277.1425s
Epoch: 5 cost time: 55.32458710670471
Epoch: 5, Steps: 1072 | Train Loss: 0.2116011 Vali Loss: 0.3221132 Test Loss: 0.2832336
EarlyStopping counter: 1 out of 3
Updating learning rate to 3.125e-06
	iters: 100, epoch: 6 | loss: 0.2017268
	speed: 0.1740s/iter; left time: 915.2881s
	iters: 200, epoch: 6 | loss: 0.1999087
	speed: 0.0504s/iter; left time: 260.2223s
	iters: 300, epoch: 6 | loss: 0.2480446
	speed: 0.0506s/iter; left time: 256.1881s
	iters: 400, epoch: 6 | loss: 0.2202312
	speed: 0.0507s/iter; left time: 251.7405s
	iters: 500, epoch: 6 | loss: 0.2152185
	speed: 0.0512s/iter; left time: 249.1002s
	iters: 600, epoch: 6 | loss: 0.1582486
	speed: 0.0502s/iter; left time: 239.1007s
	iters: 700, epoch: 6 | loss: 0.2369487
	speed: 0.0505s/iter; left time: 235.2636s
	iters: 800, epoch: 6 | loss: 0.2481485
	speed: 0.0502s/iter; left time: 228.9477s
	iters: 900, epoch: 6 | loss: 0.1977134
	speed: 0.0497s/iter; left time: 221.4918s
	iters: 1000, epoch: 6 | loss: 0.2375064
	speed: 0.0503s/iter; left time: 219.3698s
Epoch: 6 cost time: 53.834644079208374
Epoch: 6, Steps: 1072 | Train Loss: 0.2097387 Vali Loss: 0.3245312 Test Loss: 0.2870881
EarlyStopping counter: 2 out of 3
Updating learning rate to 1.5625e-06
	iters: 100, epoch: 7 | loss: 0.2000852
	speed: 0.1806s/iter; left time: 756.7039s
	iters: 200, epoch: 7 | loss: 0.2023135
	speed: 0.0504s/iter; left time: 206.2064s
	iters: 300, epoch: 7 | loss: 0.2477446
	speed: 0.0509s/iter; left time: 203.1581s
	iters: 400, epoch: 7 | loss: 0.1750333
	speed: 0.0509s/iter; left time: 197.8945s
	iters: 500, epoch: 7 | loss: 0.1436281
	speed: 0.0504s/iter; left time: 191.0520s
	iters: 600, epoch: 7 | loss: 0.2012949
	speed: 0.0509s/iter; left time: 187.8687s
	iters: 700, epoch: 7 | loss: 0.2042404
	speed: 0.0516s/iter; left time: 185.0357s
	iters: 800, epoch: 7 | loss: 0.2341353
	speed: 0.0514s/iter; left time: 179.4810s
	iters: 900, epoch: 7 | loss: 0.2061398
	speed: 0.0495s/iter; left time: 167.6794s
	iters: 1000, epoch: 7 | loss: 0.1926454
	speed: 0.0511s/iter; left time: 168.0047s
Epoch: 7 cost time: 54.196390867233276
Epoch: 7, Steps: 1072 | Train Loss: 0.2091230 Vali Loss: 0.3209184 Test Loss: 0.2839445
Validation loss decreased (0.321543 --> 0.320918).  Saving model ...
Updating learning rate to 7.8125e-07
	iters: 100, epoch: 8 | loss: 0.2444829
	speed: 0.1758s/iter; left time: 548.0995s
	iters: 200, epoch: 8 | loss: 0.1801917
	speed: 0.0494s/iter; left time: 149.1662s
	iters: 300, epoch: 8 | loss: 0.1921960
	speed: 0.0511s/iter; left time: 149.1349s
	iters: 400, epoch: 8 | loss: 0.2040561
	speed: 0.0502s/iter; left time: 141.4034s
	iters: 500, epoch: 8 | loss: 0.1779707
	speed: 0.0502s/iter; left time: 136.4958s
	iters: 600, epoch: 8 | loss: 0.1821066
	speed: 0.0492s/iter; left time: 128.6594s
	iters: 700, epoch: 8 | loss: 0.2121063
	speed: 0.0494s/iter; left time: 124.3099s
	iters: 800, epoch: 8 | loss: 0.1948347
	speed: 0.0520s/iter; left time: 125.7106s
	iters: 900, epoch: 8 | loss: 0.2397816
	speed: 0.0506s/iter; left time: 117.1574s
	iters: 1000, epoch: 8 | loss: 0.1898201
	speed: 0.0505s/iter; left time: 111.9437s
Epoch: 8 cost time: 53.88889002799988
Epoch: 8, Steps: 1072 | Train Loss: 0.2083265 Vali Loss: 0.3206206 Test Loss: 0.2837291
Validation loss decreased (0.320918 --> 0.320621).  Saving model ...
Updating learning rate to 3.90625e-07
	iters: 100, epoch: 9 | loss: 0.2417028
	speed: 0.1780s/iter; left time: 363.9754s
	iters: 200, epoch: 9 | loss: 0.1654314
	speed: 0.0508s/iter; left time: 98.8697s
	iters: 300, epoch: 9 | loss: 0.2133442
	speed: 0.0507s/iter; left time: 93.4538s
	iters: 400, epoch: 9 | loss: 0.1770597
	speed: 0.0514s/iter; left time: 89.6879s
	iters: 500, epoch: 9 | loss: 0.2233735
	speed: 0.0510s/iter; left time: 83.9069s
	iters: 600, epoch: 9 | loss: 0.2032561
	speed: 0.0523s/iter; left time: 80.8457s
	iters: 700, epoch: 9 | loss: 0.1902621
	speed: 0.0514s/iter; left time: 74.2327s
	iters: 800, epoch: 9 | loss: 0.2039201
	speed: 0.0526s/iter; left time: 70.8075s
	iters: 900, epoch: 9 | loss: 0.2642207
	speed: 0.0514s/iter; left time: 64.0342s
	iters: 1000, epoch: 9 | loss: 0.2286820
	speed: 0.0507s/iter; left time: 58.0389s
Epoch: 9 cost time: 54.88391947746277
Epoch: 9, Steps: 1072 | Train Loss: 0.2081160 Vali Loss: 0.3215604 Test Loss: 0.2846734
EarlyStopping counter: 1 out of 3
Updating learning rate to 1.953125e-07
	iters: 100, epoch: 10 | loss: 0.2109921
	speed: 0.1774s/iter; left time: 172.5773s
	iters: 200, epoch: 10 | loss: 0.1929113
	speed: 0.0505s/iter; left time: 44.0860s
	iters: 300, epoch: 10 | loss: 0.1907410
	speed: 0.0505s/iter; left time: 39.0748s
	iters: 400, epoch: 10 | loss: 0.3087650
	speed: 0.0507s/iter; left time: 34.0887s
	iters: 500, epoch: 10 | loss: 0.2208173
	speed: 0.0494s/iter; left time: 28.3215s
	iters: 600, epoch: 10 | loss: 0.1924538
	speed: 0.0508s/iter; left time: 24.0160s
	iters: 700, epoch: 10 | loss: 0.1785953
	speed: 0.0519s/iter; left time: 19.3539s
	iters: 800, epoch: 10 | loss: 0.2386285
	speed: 0.0530s/iter; left time: 14.4670s
	iters: 900, epoch: 10 | loss: 0.2154128
	speed: 0.0518s/iter; left time: 8.9590s
	iters: 1000, epoch: 10 | loss: 0.2257003
	speed: 0.0524s/iter; left time: 3.8235s
Epoch: 10 cost time: 54.81339478492737
Epoch: 10, Steps: 1072 | Train Loss: 0.2081174 Vali Loss: 0.3216029 Test Loss: 0.2847960
EarlyStopping counter: 2 out of 3
Updating learning rate to 9.765625e-08
>>>>>>>testing : ACR_only_ETTm1_201_48_PCDformer_ETTm1_ftM_sl201_ll0_pl48_dm256_nh8_el2_dl1_df1024_fc1_attnacr_core0_ebtimeF_dtTrue_ACR_only_0<<<<<<<<<<<<<<<<<<<<<<<<<<<<<<<<<
test 11473
test shape: (11473, 48, 7) (11473, 48, 7)
test shape: (11473, 48, 7) (11473, 48, 7)
mse:0.2839373052120209, mae:0.3431253135204315

============================================================
Finished: 02_ACR_only_ETTm1_201_48
End time: 2026-06-05 01:20:04
============================================================

