============================================================
Start: 11_ACR_only_ETTh1_201_720
Work dir: /hy-tmp/PCDformer_ablation_01_ACR_only_code
Log file: /hy-tmp/run_logs_ablation_30/ACR_only/11_ACR_only_ETTh1_201_720.log
Time: 2026-06-05 02:43:00
============================================================
python -u run.py --is_training 1 --root_path /hy-tmp/PCDformer创新4/dataset/ETT-small/ --data_path ETTh1.csv --model_id ACR_only_ETTh1_201_720 --model PCDformer --data ETTh1 --features M --seq_len 201 --label_len 0 --pred_len 720 --e_layers 2 --d_layers 1 --enc_in 7 --dec_in 7 --c_out 7 --d_model 1024 --d_ff 4096 --n_heads 8 --moving_avg 45 --top_k 2 --attention_type acr --core_num 0 --route_activation softmax --dropout 0.50 --batch_size 64 --learning_rate 0.000015 --train_epochs 10 --patience 3 --des ACR_only --itr 1 --num_workers 0
============================================================
Args in experiment:
Namespace(is_training=1, model_id='ACR_only_ETTh1_201_720', model='PCDformer', data='ETTh1', root_path='/hy-tmp/PCDformer创新4/dataset/ETT-small/', data_path='ETTh1.csv', features='M', target='OT', freq='h', checkpoints='./checkpoints/', seq_len=201, label_len=0, pred_len=720, bucket_size=4, n_hashes=4, enc_in=7, dec_in=7, c_out=7, d_model=1024, n_heads=8, e_layers=2, d_layers=1, d_ff=4096, moving_avg=45, factor=1, top_k=2, attention_type='acr', core_num=0, route_activation='softmax', distil=True, dropout=0.5, embed='timeF', activation='gelu', output_attention=False, do_predict=False, num_workers=0, itr=1, train_epochs=10, batch_size=64, patience=3, learning_rate=1.5e-05, des='ACR_only', loss='mse', lradj='type1', use_amp=False, use_gpu=True, gpu=0, use_multi_gpu=False, devices='0,1,2,3')
Use GPU: cuda:0
>>>>>>>start training : ACR_only_ETTh1_201_720_PCDformer_ETTh1_ftM_sl201_ll0_pl720_dm1024_nh8_el2_dl1_df4096_fc1_attnacr_core0_ebtimeF_dtTrue_ACR_only_0>>>>>>>>>>>>>>>>>>>>>>>>>>
train 7720
val 2161
test 2161
	iters: 100, epoch: 1 | loss: 1.1025523
	speed: 0.0594s/iter; left time: 65.4393s
Epoch: 1 cost time: 6.41787576675415
Epoch: 1, Steps: 120 | Train Loss: 1.2483214 Vali Loss: 1.4952006 Test Loss: 0.6763692
Validation loss decreased (inf --> 1.495201).  Saving model ...
Updating learning rate to 1.5e-05
	iters: 100, epoch: 2 | loss: 0.8181511
	speed: 0.0820s/iter; left time: 80.4308s
Epoch: 2 cost time: 6.263361692428589
Epoch: 2, Steps: 120 | Train Loss: 0.9187280 Vali Loss: 1.3717328 Test Loss: 0.5893825
Validation loss decreased (1.495201 --> 1.371733).  Saving model ...
Updating learning rate to 7.5e-06
	iters: 100, epoch: 3 | loss: 0.8015951
	speed: 0.0861s/iter; left time: 74.1681s
Epoch: 3 cost time: 6.075144529342651
Epoch: 3, Steps: 120 | Train Loss: 0.8252776 Vali Loss: 1.3420056 Test Loss: 0.5686744
Validation loss decreased (1.371733 --> 1.342006).  Saving model ...
Updating learning rate to 3.75e-06
	iters: 100, epoch: 4 | loss: 0.8231426
	speed: 0.0894s/iter; left time: 66.2132s
Epoch: 4 cost time: 7.074769973754883
Epoch: 4, Steps: 120 | Train Loss: 0.7941241 Vali Loss: 1.3333869 Test Loss: 0.5582964
Validation loss decreased (1.342006 --> 1.333387).  Saving model ...
Updating learning rate to 1.875e-06
	iters: 100, epoch: 5 | loss: 0.7844537
	speed: 0.0919s/iter; left time: 57.0673s
Epoch: 5 cost time: 7.077146053314209
Epoch: 5, Steps: 120 | Train Loss: 0.7798374 Vali Loss: 1.3306117 Test Loss: 0.5569632
Validation loss decreased (1.333387 --> 1.330612).  Saving model ...
Updating learning rate to 9.375e-07
	iters: 100, epoch: 6 | loss: 0.7720383
	speed: 0.0920s/iter; left time: 46.0969s
Epoch: 6 cost time: 7.106348276138306
Epoch: 6, Steps: 120 | Train Loss: 0.7722253 Vali Loss: 1.3275340 Test Loss: 0.5558481
Validation loss decreased (1.330612 --> 1.327534).  Saving model ...
Updating learning rate to 4.6875e-07
	iters: 100, epoch: 7 | loss: 0.7496461
	speed: 0.0842s/iter; left time: 32.0769s
Epoch: 7 cost time: 6.027089834213257
Epoch: 7, Steps: 120 | Train Loss: 0.7685536 Vali Loss: 1.3250777 Test Loss: 0.5559741
Validation loss decreased (1.327534 --> 1.325078).  Saving model ...
Updating learning rate to 2.34375e-07
	iters: 100, epoch: 8 | loss: 0.7709551
	speed: 0.0874s/iter; left time: 22.8054s
Epoch: 8 cost time: 6.934900760650635
Epoch: 8, Steps: 120 | Train Loss: 0.7661248 Vali Loss: 1.3257401 Test Loss: 0.5562904
EarlyStopping counter: 1 out of 3
Updating learning rate to 1.171875e-07
	iters: 100, epoch: 9 | loss: 0.7107153
	speed: 0.0780s/iter; left time: 11.0043s
Epoch: 9 cost time: 6.032229900360107
Epoch: 9, Steps: 120 | Train Loss: 0.7650176 Vali Loss: 1.3277026 Test Loss: 0.5563576
EarlyStopping counter: 2 out of 3
Updating learning rate to 5.859375e-08
	iters: 100, epoch: 10 | loss: 0.7712810
	speed: 0.0758s/iter; left time: 1.5913s
Epoch: 10 cost time: 6.018829584121704
Epoch: 10, Steps: 120 | Train Loss: 0.7648219 Vali Loss: 1.3244326 Test Loss: 0.5564320
Validation loss decreased (1.325078 --> 1.324433).  Saving model ...
Updating learning rate to 2.9296875e-08
>>>>>>>testing : ACR_only_ETTh1_201_720_PCDformer_ETTh1_ftM_sl201_ll0_pl720_dm1024_nh8_el2_dl1_df4096_fc1_attnacr_core0_ebtimeF_dtTrue_ACR_only_0<<<<<<<<<<<<<<<<<<<<<<<<<<<<<<<<<
test 2161
test shape: (2161, 720, 7) (2161, 720, 7)
test shape: (2161, 720, 7) (2161, 720, 7)
mse:0.5554680824279785, mae:0.536502480506897

============================================================
Finished: 11_ACR_only_ETTh1_201_720
End time: 2026-06-05 02:44:32
============================================================

